<?xml version="1.0" encoding="UTF-8"?>
<testng-results ignored="0" total="1" passed="1" failed="0" skipped="0">
  <reporter-output>
  </reporter-output>
  <suite started-at="2020-05-07T15:14:21 PDT" name="Default suite" finished-at="2020-05-07T15:14:31 PDT" duration-ms="9782">
    <groups>
    </groups>
    <test started-at="2020-05-07T15:14:21 PDT" name="Default test" finished-at="2020-05-07T15:14:31 PDT" duration-ms="9782">
      <class name="vladkononov.ExtentReports.ExtentReportDemo">
        <test-method is-config="true" signature="config()[pri:0, instance:vladkononov.ExtentReports.ExtentReportDemo@ec756bd]" started-at="2020-05-07T15:14:21 PDT" name="config" finished-at="2020-05-07T15:14:21 PDT" duration-ms="151" status="PASS">
          <reporter-output>
          </reporter-output>
        </test-method> <!-- config -->
        <test-method signature="initialDemo()[pri:0, instance:vladkononov.ExtentReports.ExtentReportDemo@ec756bd]" started-at="2020-05-07T15:14:21 PDT" name="initialDemo" finished-at="2020-05-07T15:14:31 PDT" duration-ms="9600" status="PASS">
          <reporter-output>
          </reporter-output>
        </test-method> <!-- initialDemo -->
      </class> <!-- vladkononov.ExtentReports.ExtentReportDemo -->
    </test> <!-- Default test -->
  </suite> <!-- Default suite -->
</testng-results>
